Copyright 1986-2022 Xilinx, Inc. All Rights Reserved. Copyright 2022-2024 Advanced Micro Devices, Inc. All Rights Reserved.
---------------------------------------------------------------------------------------------------------------------------------------------
| Tool Version : Vivado v.2024.1 (win64) Build 5076996 Wed May 22 18:37:14 MDT 2024
| Date         : Sun Dec  1 16:27:21 2024
| Host         : Macbook-SE-M16-Pepper running 64-bit major release  (build 9200)
| Command      : report_control_sets -verbose -file uart_system_control_sets_placed.rpt
| Design       : uart_system
| Device       : xc7a35t
---------------------------------------------------------------------------------------------------------------------------------------------

Control Set Information

Table of Contents
-----------------
1. Summary
2. Histogram
3. Flip-Flop Distribution
4. Detailed Control Set Information

1. Summary
----------

+----------------------------------------------------------+-------+
|                          Status                          | Count |
+----------------------------------------------------------+-------+
| Total control sets                                       |     8 |
|    Minimum number of control sets                        |     8 |
|    Addition due to synthesis replication                 |     0 |
|    Addition due to physical synthesis replication        |     0 |
| Unused register locations in slices containing registers |    22 |
+----------------------------------------------------------+-------+
* Control sets can be merged at opt_design using control_set_merge or merge_equivalent_drivers
** Run report_qor_suggestions for automated merging and remapping suggestions


2. Histogram
------------

+--------------------+-------+
|       Fanout       | Count |
+--------------------+-------+
| Total control sets |     8 |
| >= 0 to < 4        |     1 |
| >= 4 to < 6        |     1 |
| >= 6 to < 8        |     0 |
| >= 8 to < 10       |     2 |
| >= 10 to < 12      |     0 |
| >= 12 to < 14      |     1 |
| >= 14 to < 16      |     1 |
| >= 16              |     2 |
+--------------------+-------+
* Control sets can be remapped at either synth_design or opt_design


3. Flip-Flop Distribution
-------------------------

+--------------+-----------------------+------------------------+-----------------+--------------+
| Clock Enable | Synchronous Set/Reset | Asynchronous Set/Reset | Total Registers | Total Slices |
+--------------+-----------------------+------------------------+-----------------+--------------+
| No           | No                    | No                     |               9 |            4 |
| No           | No                    | Yes                    |              15 |            3 |
| No           | Yes                   | No                     |               0 |            0 |
| Yes          | No                    | No                     |              74 |           16 |
| Yes          | No                    | Yes                    |               0 |            0 |
| Yes          | Yes                   | No                     |               0 |            0 |
+--------------+-----------------------+------------------------+-----------------+--------------+


4. Detailed Control Set Information
-----------------------------------

+-------------------------------+-----------------------------------+------------------+------------------+----------------+--------------+
|          Clock Signal         |           Enable Signal           | Set/Reset Signal | Slice Load Count | Bel Load Count | Bels / Slice |
+-------------------------------+-----------------------------------+------------------+------------------+----------------+--------------+
|  tx_byte_count_reg[1]_i_2_n_0 | tx_inst/tx_busy_reg_0             |                  |                1 |              1 |         1.00 |
|  tx_byte_count_reg[1]_i_2_n_0 | rx_inst/bit_counter[3]_i_1__0_n_0 |                  |                1 |              4 |         4.00 |
|  tx_byte_count_reg[1]_i_2_n_0 | rx_inst/rx_shift_reg[7]_i_1_n_0   |                  |                1 |              8 |         8.00 |
|  tx_byte_count_reg[1]_i_2_n_0 |                                   |                  |                4 |              9 |         2.25 |
|  tx_byte_count_reg[1]_i_2_n_0 | single_pulse_inst/tx_shift_reg    |                  |                5 |             13 |         2.60 |
|  clk_IBUF_BUFG                |                                   | btnC_IBUF        |                3 |             15 |         5.00 |
|  tx_byte_count_reg[1]_i_2_n_0 | rx_inst/rx_data[23]_i_1_n_0       |                  |                5 |             24 |         4.80 |
|  tx_byte_count_reg[1]_i_2_n_0 | rx_inst/utf8_buffer_0             |                  |                3 |             24 |         8.00 |
+-------------------------------+-----------------------------------+------------------+------------------+----------------+--------------+


