
*** Running vivado
    with args -log Display_system.vds -m64 -product Vivado -mode batch -messageDb vivado.pb -notrace -source Display_system.tcl



****** Vivado v2024.1 (64-bit)
  **** SW Build 5076996 on Wed May 22 18:37:14 MDT 2024
  **** IP Build 5075265 on Wed May 22 21:45:21 MDT 2024
  **** SharedData Build 5076995 on Wed May 22 18:29:18 MDT 2024
  **** Start of session at: Tue Dec  3 13:15:49 2024
    ** Copyright 1986-2022 Xilinx, Inc. All Rights Reserved.
    ** Copyright 2022-2024 Advanced Micro Devices, Inc. All Rights Reserved.

source Display_system.tcl -notrace
create_project: Time (s): cpu = 00:00:07 ; elapsed = 00:00:07 . Memory (MB): peak = 565.516 ; gain = 237.055
Command: read_checkpoint -auto_incremental -incremental C:/Users/User/Desktop/final/project_3/project_3.srcs/utils_1/imports/synth_1/Display_system.dcp
INFO: [Vivado 12-5825] Read reference checkpoint from C:/Users/User/Desktop/final/project_3/project_3.srcs/utils_1/imports/synth_1/Display_system.dcp for incremental synthesis
INFO: [Vivado 12-7989] Please ensure there are no constraint changes
Command: synth_design -top Display_system -part xc7a35tcpg236-1
Starting synth_design
Attempting to get a license for feature 'Synthesis' and/or device 'xc7a35t'
INFO: [Common 17-349] Got license for feature 'Synthesis' and/or device 'xc7a35t'
INFO: [Device 21-403] Loading part xc7a35tcpg236-1
INFO: [Device 21-9227] Part: xc7a35tcpg236-1 does not have CEAM library.
INFO: [Designutils 20-5440] No compile time benefit to using incremental synthesis; A full resynthesis will be run
INFO: [Designutils 20-4379] Flow is switching to default flow due to incremental criteria not met. If you would like to alter this behaviour and have the flow terminate instead, please set the following parameter config_implementation {autoIncr.Synth.RejectBehavior Terminate}
INFO: [Synth 8-7079] Multithreading enabled for synth_design using a maximum of 2 processes.
INFO: [Synth 8-7078] Launching helper process for spawning children vivado processes
INFO: [Synth 8-7075] Helper process launched with PID 26996
---------------------------------------------------------------------------------
Starting RTL Elaboration : Time (s): cpu = 00:00:03 ; elapsed = 00:00:04 . Memory (MB): peak = 1416.926 ; gain = 447.871
---------------------------------------------------------------------------------
INFO: [Synth 8-11241] undeclared symbol 'reset', assumed default net type 'wire' [C:/Users/User/Desktop/final/project_3/project_3.srcs/sources_1/new/Display_system.v:69]
INFO: [Synth 8-11241] undeclared symbol 'rx_ready_singlepulser', assumed default net type 'wire' [C:/Users/User/Desktop/final/project_3/project_3.srcs/sources_1/new/Display_system.v:71]
INFO: [Synth 8-11241] undeclared symbol 'w_p_tick', assumed default net type 'wire' [C:/Users/User/Desktop/final/project_3/project_3.srcs/sources_1/new/Display_system.v:153]
INFO: [Synth 8-6157] synthesizing module 'Display_system' [C:/Users/User/Desktop/final/project_3/project_3.srcs/sources_1/new/Display_system.v:22]
INFO: [Synth 8-6157] synthesizing module 'dFlipflop' [C:/Users/User/Desktop/final/project_3/project_3.srcs/sources_1/imports/src/dFilpflop.v:23]
INFO: [Synth 8-6155] done synthesizing module 'dFlipflop' (0#1) [C:/Users/User/Desktop/final/project_3/project_3.srcs/sources_1/imports/src/dFilpflop.v:23]
INFO: [Synth 8-6157] synthesizing module 'clk_divider' [C:/Users/User/Desktop/final/project_3/project_3.srcs/sources_1/imports/src/clk_divider.v:1]
INFO: [Synth 8-6155] done synthesizing module 'clk_divider' (0#1) [C:/Users/User/Desktop/final/project_3/project_3.srcs/sources_1/imports/src/clk_divider.v:1]
INFO: [Synth 8-6157] synthesizing module 'divClock' [C:/Users/User/Desktop/final/project_3/project_3.srcs/sources_1/imports/src/divClock.v:22]
INFO: [Synth 8-6155] done synthesizing module 'divClock' (0#1) [C:/Users/User/Desktop/final/project_3/project_3.srcs/sources_1/imports/src/divClock.v:22]
INFO: [Synth 8-6157] synthesizing module 'single_pulse' [C:/Users/User/Desktop/final/project_3/project_3.srcs/sources_1/imports/src/single_pulse.v:22]
INFO: [Synth 8-6155] done synthesizing module 'single_pulse' (0#1) [C:/Users/User/Desktop/final/project_3/project_3.srcs/sources_1/imports/src/single_pulse.v:22]
INFO: [Synth 8-6157] synthesizing module 'uart_tx' [C:/Users/User/Desktop/final/project_3/project_3.srcs/sources_1/imports/src/uart_tx.v:1]
INFO: [Synth 8-6155] done synthesizing module 'uart_tx' (0#1) [C:/Users/User/Desktop/final/project_3/project_3.srcs/sources_1/imports/src/uart_tx.v:1]
INFO: [Synth 8-6157] synthesizing module 'uart_rx' [C:/Users/User/Desktop/final/project_3/project_3.srcs/sources_1/imports/src/uart_rx.v:1]
WARNING: [Synth 8-6090] variable 'utf8_byte_count' is written by both blocking and non-blocking assignments, entire logic could be removed [C:/Users/User/Desktop/final/project_3/project_3.srcs/sources_1/imports/src/uart_rx.v:72]
INFO: [Synth 8-6155] done synthesizing module 'uart_rx' (0#1) [C:/Users/User/Desktop/final/project_3/project_3.srcs/sources_1/imports/src/uart_rx.v:1]
INFO: [Synth 8-6157] synthesizing module 'hexTo7Segment' [C:/Users/User/Desktop/final/project_3/project_3.srcs/sources_1/imports/src/hexTo7Segment.v:23]
INFO: [Synth 8-6155] done synthesizing module 'hexTo7Segment' (0#1) [C:/Users/User/Desktop/final/project_3/project_3.srcs/sources_1/imports/src/hexTo7Segment.v:23]
INFO: [Synth 8-6157] synthesizing module 'quadSevenSeg' [C:/Users/User/Desktop/final/project_3/project_3.srcs/sources_1/imports/src/quadSevenSeg.v:23]
WARNING: [Synth 8-567] referenced signal 'num0' should be on the sensitivity list [C:/Users/User/Desktop/final/project_3/project_3.srcs/sources_1/imports/src/quadSevenSeg.v:60]
WARNING: [Synth 8-567] referenced signal 'num1' should be on the sensitivity list [C:/Users/User/Desktop/final/project_3/project_3.srcs/sources_1/imports/src/quadSevenSeg.v:60]
WARNING: [Synth 8-567] referenced signal 'num2' should be on the sensitivity list [C:/Users/User/Desktop/final/project_3/project_3.srcs/sources_1/imports/src/quadSevenSeg.v:60]
WARNING: [Synth 8-567] referenced signal 'num3' should be on the sensitivity list [C:/Users/User/Desktop/final/project_3/project_3.srcs/sources_1/imports/src/quadSevenSeg.v:60]
INFO: [Synth 8-6155] done synthesizing module 'quadSevenSeg' (0#1) [C:/Users/User/Desktop/final/project_3/project_3.srcs/sources_1/imports/src/quadSevenSeg.v:23]
WARNING: [Synth 8-689] width (7) of port connection 'num0' does not match port width (8) of module 'quadSevenSeg' [C:/Users/User/Desktop/final/project_3/project_3.srcs/sources_1/new/Display_system.v:126]
WARNING: [Synth 8-689] width (7) of port connection 'num1' does not match port width (8) of module 'quadSevenSeg' [C:/Users/User/Desktop/final/project_3/project_3.srcs/sources_1/new/Display_system.v:127]
WARNING: [Synth 8-689] width (7) of port connection 'num2' does not match port width (8) of module 'quadSevenSeg' [C:/Users/User/Desktop/final/project_3/project_3.srcs/sources_1/new/Display_system.v:128]
WARNING: [Synth 8-689] width (7) of port connection 'num3' does not match port width (8) of module 'quadSevenSeg' [C:/Users/User/Desktop/final/project_3/project_3.srcs/sources_1/new/Display_system.v:129]
INFO: [Synth 8-6157] synthesizing module 'vga_controller' [C:/Users/User/Desktop/final/project_3/project_3.srcs/sources_1/imports/src/vga_controller.v:21]
INFO: [Synth 8-6155] done synthesizing module 'vga_controller' (0#1) [C:/Users/User/Desktop/final/project_3/project_3.srcs/sources_1/imports/src/vga_controller.v:21]
INFO: [Synth 8-6157] synthesizing module 'ascii_test' [C:/Users/User/Desktop/final/project_3/project_3.srcs/sources_1/imports/src/ascii_test.v:9]
INFO: [Synth 8-6157] synthesizing module 'ascii_rom' [C:/Users/User/Desktop/final/project_3/project_3.srcs/sources_1/imports/src/ascii_rom.v:22]
INFO: [Synth 8-6155] done synthesizing module 'ascii_rom' (0#1) [C:/Users/User/Desktop/final/project_3/project_3.srcs/sources_1/imports/src/ascii_rom.v:22]
INFO: [Synth 8-6157] synthesizing module 'memory_array' [C:/Users/User/Desktop/final/project_3/project_3.srcs/sources_1/new/memory.v:22]
WARNING: [Synth 8-6090] variable 'row' is written by both blocking and non-blocking assignments, entire logic could be removed [C:/Users/User/Desktop/final/project_3/project_3.srcs/sources_1/new/memory.v:102]
WARNING: [Synth 8-6090] variable 'col' is written by both blocking and non-blocking assignments, entire logic could be removed [C:/Users/User/Desktop/final/project_3/project_3.srcs/sources_1/new/memory.v:103]
WARNING: [Synth 8-6090] variable 'row' is written by both blocking and non-blocking assignments, entire logic could be removed [C:/Users/User/Desktop/final/project_3/project_3.srcs/sources_1/new/memory.v:140]
WARNING: [Synth 8-6090] variable 'col' is written by both blocking and non-blocking assignments, entire logic could be removed [C:/Users/User/Desktop/final/project_3/project_3.srcs/sources_1/new/memory.v:141]
INFO: [Synth 8-6155] done synthesizing module 'memory_array' (0#1) [C:/Users/User/Desktop/final/project_3/project_3.srcs/sources_1/new/memory.v:22]
INFO: [Synth 8-6155] done synthesizing module 'ascii_test' (0#1) [C:/Users/User/Desktop/final/project_3/project_3.srcs/sources_1/imports/src/ascii_test.v:9]
INFO: [Synth 8-6155] done synthesizing module 'Display_system' (0#1) [C:/Users/User/Desktop/final/project_3/project_3.srcs/sources_1/new/Display_system.v:22]
WARNING: [Synth 8-7137] Register rx_data_reg in module uart_rx has both Set and reset with same priority. This may cause simulation mismatches. Consider rewriting code  [C:/Users/User/Desktop/final/project_3/project_3.srcs/sources_1/imports/src/uart_rx.v:39]
WARNING: [Synth 8-7137] Register data_in_progress_reg in module memory_array has both Set and reset with same priority. This may cause simulation mismatches. Consider rewriting code  [C:/Users/User/Desktop/final/project_3/project_3.srcs/sources_1/new/memory.v:82]
WARNING: [Synth 8-3848] Net reset in module/entity Display_system does not have driver. [C:/Users/User/Desktop/final/project_3/project_3.srcs/sources_1/new/Display_system.v:69]
WARNING: [Synth 8-7129] Port num0[7] in module quadSevenSeg is either unconnected or has no load
WARNING: [Synth 8-7129] Port num1[7] in module quadSevenSeg is either unconnected or has no load
WARNING: [Synth 8-7129] Port num2[7] in module quadSevenSeg is either unconnected or has no load
WARNING: [Synth 8-7129] Port num3[7] in module quadSevenSeg is either unconnected or has no load
---------------------------------------------------------------------------------
Finished RTL Elaboration : Time (s): cpu = 00:00:05 ; elapsed = 00:00:06 . Memory (MB): peak = 1604.074 ; gain = 635.020
---------------------------------------------------------------------------------
---------------------------------------------------------------------------------
Start Handling Custom Attributes
---------------------------------------------------------------------------------
---------------------------------------------------------------------------------
Finished Handling Custom Attributes : Time (s): cpu = 00:00:05 ; elapsed = 00:00:06 . Memory (MB): peak = 1604.074 ; gain = 635.020
---------------------------------------------------------------------------------
---------------------------------------------------------------------------------
Finished RTL Optimization Phase 1 : Time (s): cpu = 00:00:05 ; elapsed = 00:00:06 . Memory (MB): peak = 1604.074 ; gain = 635.020
---------------------------------------------------------------------------------
Netlist sorting complete. Time (s): cpu = 00:00:00 ; elapsed = 00:00:00.041 . Memory (MB): peak = 1604.074 ; gain = 0.000
INFO: [Project 1-570] Preparing netlist for logic optimization

Processing XDC Constraints
Initializing timing engine
Parsing XDC File [C:/Users/User/Desktop/final/project_3/project_3.srcs/constrs_1/imports/constrs/uart_system.xdc]
Finished Parsing XDC File [C:/Users/User/Desktop/final/project_3/project_3.srcs/constrs_1/imports/constrs/uart_system.xdc]
INFO: [Project 1-236] Implementation specific constraints were found while reading constraint file [C:/Users/User/Desktop/final/project_3/project_3.srcs/constrs_1/imports/constrs/uart_system.xdc]. These constraints will be ignored for synthesis but will be used in implementation. Impacted constraints are listed in the file [.Xil/Display_system_propImpl.xdc].
Resolution: To avoid this warning, move constraints listed in [.Xil/Display_system_propImpl.xdc] to another XDC file and exclude this new file from synthesis with the used_in_synthesis property (File Properties dialog in GUI) and re-run elaboration/synthesis.
Completed Processing XDC Constraints

Netlist sorting complete. Time (s): cpu = 00:00:00 ; elapsed = 00:00:00 . Memory (MB): peak = 1697.586 ; gain = 0.000
INFO: [Project 1-111] Unisim Transformation Summary:
No Unisim elements were transformed.

Constraint Validation Runtime : Time (s): cpu = 00:00:00 ; elapsed = 00:00:00.009 . Memory (MB): peak = 1697.586 ; gain = 0.000
INFO: [Designutils 20-5440] No compile time benefit to using incremental synthesis; A full resynthesis will be run
INFO: [Designutils 20-4379] Flow is switching to default flow due to incremental criteria not met. If you would like to alter this behaviour and have the flow terminate instead, please set the following parameter config_implementation {autoIncr.Synth.RejectBehavior Terminate}
---------------------------------------------------------------------------------
Finished Constraint Validation : Time (s): cpu = 00:00:10 ; elapsed = 00:00:12 . Memory (MB): peak = 1697.586 ; gain = 728.531
---------------------------------------------------------------------------------
---------------------------------------------------------------------------------
Start Loading Part and Timing Information
---------------------------------------------------------------------------------
Loading part: xc7a35tcpg236-1
---------------------------------------------------------------------------------
Finished Loading Part and Timing Information : Time (s): cpu = 00:00:10 ; elapsed = 00:00:12 . Memory (MB): peak = 1697.586 ; gain = 728.531
---------------------------------------------------------------------------------
---------------------------------------------------------------------------------
Start Applying 'set_property' XDC Constraints
---------------------------------------------------------------------------------
---------------------------------------------------------------------------------
Finished applying 'set_property' XDC Constraints : Time (s): cpu = 00:00:10 ; elapsed = 00:00:12 . Memory (MB): peak = 1697.586 ; gain = 728.531
---------------------------------------------------------------------------------
---------------------------------------------------------------------------------
Finished RTL Optimization Phase 2 : Time (s): cpu = 00:00:12 ; elapsed = 00:00:15 . Memory (MB): peak = 1697.586 ; gain = 728.531
---------------------------------------------------------------------------------
---------------------------------------------------------------------------------
Start RTL Component Statistics 
---------------------------------------------------------------------------------
Detailed RTL Component Info : 
+---Adders : 
	   2 Input   32 Bit       Adders := 4     
	   2 Input   18 Bit       Adders := 1     
	   2 Input   14 Bit       Adders := 1     
	   2 Input   10 Bit       Adders := 2     
	   2 Input    4 Bit       Adders := 2     
	   2 Input    2 Bit       Adders := 4     
+---Registers : 
	               32 Bit    Registers := 1     
	               24 Bit    Registers := 3     
	               18 Bit    Registers := 1     
	               14 Bit    Registers := 1     
	               12 Bit    Registers := 1     
	               11 Bit    Registers := 1     
	               10 Bit    Registers := 5     
	                8 Bit    Registers := 1     
	                7 Bit    Registers := 128   
	                4 Bit    Registers := 2     
	                2 Bit    Registers := 4     
	                1 Bit    Registers := 31    
+---ROMs : 
	                    ROMs := 1     
+---Muxes : 
	   2 Input   32 Bit        Muxes := 11    
	   3 Input   32 Bit        Muxes := 2     
	   2 Input   24 Bit        Muxes := 7     
	   2 Input   12 Bit        Muxes := 2     
	   2 Input   10 Bit        Muxes := 3     
	   2 Input    9 Bit        Muxes := 1     
	   2 Input    8 Bit        Muxes := 5     
	   4 Input    7 Bit        Muxes := 65    
	   2 Input    7 Bit        Muxes := 292   
	   3 Input    7 Bit        Muxes := 97    
	   2 Input    4 Bit        Muxes := 5     
	   4 Input    4 Bit        Muxes := 1     
	   4 Input    2 Bit        Muxes := 1     
	   2 Input    2 Bit        Muxes := 11    
	   2 Input    1 Bit        Muxes := 426   
	   3 Input    1 Bit        Muxes := 132   
---------------------------------------------------------------------------------
Finished RTL Component Statistics 
---------------------------------------------------------------------------------
---------------------------------------------------------------------------------
Start Part Resource Summary
---------------------------------------------------------------------------------
Part Resources:
DSPs: 90 (col length:60)
BRAMs: 100 (col length: RAMB18 60 RAMB36 30)
---------------------------------------------------------------------------------
Finished Part Resource Summary
---------------------------------------------------------------------------------
---------------------------------------------------------------------------------
Start Cross Boundary and Area Optimization
---------------------------------------------------------------------------------
WARNING: [Synth 8-7080] Parallel synthesis criteria is not met
WARNING: [Synth 8-3917] design Display_system has port dp driven by constant 0
---------------------------------------------------------------------------------
Finished Cross Boundary and Area Optimization : Time (s): cpu = 00:00:20 ; elapsed = 00:00:23 . Memory (MB): peak = 1697.586 ; gain = 728.531
---------------------------------------------------------------------------------
---------------------------------------------------------------------------------
Start ROM, RAM, DSP, Shift Register and Retiming Reporting
---------------------------------------------------------------------------------

ROM: Preliminary Mapping Report
+---------------+---------------------+---------------+----------------+
|Module Name    | RTL Object          | Depth x Width | Implemented As | 
+---------------+---------------------+---------------+----------------+
|Display_system | at/rom/addr_reg_reg | 2048x8        | Block RAM      | 
+---------------+---------------------+---------------+----------------+

---------------------------------------------------------------------------------
Finished ROM, RAM, DSP, Shift Register and Retiming Reporting
---------------------------------------------------------------------------------
---------------------------------------------------------------------------------
Start Applying XDC Timing Constraints
---------------------------------------------------------------------------------
---------------------------------------------------------------------------------
Finished Applying XDC Timing Constraints : Time (s): cpu = 00:00:23 ; elapsed = 00:00:27 . Memory (MB): peak = 1697.586 ; gain = 728.531
---------------------------------------------------------------------------------
---------------------------------------------------------------------------------
Start Timing Optimization
---------------------------------------------------------------------------------
---------------------------------------------------------------------------------
Finished Timing Optimization : Time (s): cpu = 00:00:30 ; elapsed = 00:00:33 . Memory (MB): peak = 1726.984 ; gain = 757.930
---------------------------------------------------------------------------------
---------------------------------------------------------------------------------
Start Technology Mapping
---------------------------------------------------------------------------------
INFO: [Synth 8-7052] The timing for the instance at/rom/addr_reg_reg (implemented as a Block RAM) might be sub-optimal as no optional output register could be merged into the ram block. Providing additional output register may help in improving timing.
---------------------------------------------------------------------------------
Finished Technology Mapping : Time (s): cpu = 00:00:31 ; elapsed = 00:00:34 . Memory (MB): peak = 1745.148 ; gain = 776.094
---------------------------------------------------------------------------------
---------------------------------------------------------------------------------
Start IO Insertion
---------------------------------------------------------------------------------
---------------------------------------------------------------------------------
Start Flattening Before IO Insertion
---------------------------------------------------------------------------------
---------------------------------------------------------------------------------
Finished Flattening Before IO Insertion
---------------------------------------------------------------------------------
---------------------------------------------------------------------------------
Start Final Netlist Cleanup
---------------------------------------------------------------------------------
---------------------------------------------------------------------------------
Finished Final Netlist Cleanup
---------------------------------------------------------------------------------
---------------------------------------------------------------------------------
Finished IO Insertion : Time (s): cpu = 00:00:33 ; elapsed = 00:00:37 . Memory (MB): peak = 1745.148 ; gain = 776.094
---------------------------------------------------------------------------------
---------------------------------------------------------------------------------
Start Renaming Generated Instances
---------------------------------------------------------------------------------
---------------------------------------------------------------------------------
Finished Renaming Generated Instances : Time (s): cpu = 00:00:33 ; elapsed = 00:00:37 . Memory (MB): peak = 1745.148 ; gain = 776.094
---------------------------------------------------------------------------------
---------------------------------------------------------------------------------
Start Rebuilding User Hierarchy
---------------------------------------------------------------------------------
---------------------------------------------------------------------------------
Finished Rebuilding User Hierarchy : Time (s): cpu = 00:00:34 ; elapsed = 00:00:38 . Memory (MB): peak = 1745.148 ; gain = 776.094
---------------------------------------------------------------------------------
---------------------------------------------------------------------------------
Start Renaming Generated Ports
---------------------------------------------------------------------------------
---------------------------------------------------------------------------------
Finished Renaming Generated Ports : Time (s): cpu = 00:00:34 ; elapsed = 00:00:38 . Memory (MB): peak = 1745.148 ; gain = 776.094
---------------------------------------------------------------------------------
---------------------------------------------------------------------------------
Start Handling Custom Attributes
---------------------------------------------------------------------------------
---------------------------------------------------------------------------------
Finished Handling Custom Attributes : Time (s): cpu = 00:00:34 ; elapsed = 00:00:38 . Memory (MB): peak = 1745.148 ; gain = 776.094
---------------------------------------------------------------------------------
---------------------------------------------------------------------------------
Start Renaming Generated Nets
---------------------------------------------------------------------------------
---------------------------------------------------------------------------------
Finished Renaming Generated Nets : Time (s): cpu = 00:00:34 ; elapsed = 00:00:38 . Memory (MB): peak = 1745.148 ; gain = 776.094
---------------------------------------------------------------------------------
---------------------------------------------------------------------------------
Start Writing Synthesis Report
---------------------------------------------------------------------------------

Report BlackBoxes: 
+-+--------------+----------+
| |BlackBox name |Instances |
+-+--------------+----------+
+-+--------------+----------+

Report Cell Usage: 
+------+---------+------+
|      |Cell     |Count |
+------+---------+------+
|1     |BUFG     |     2|
|2     |CARRY4   |    57|
|3     |LUT1     |    67|
|4     |LUT2     |   195|
|5     |LUT3     |   174|
|6     |LUT4     |   393|
|7     |LUT5     |   344|
|8     |LUT6     |  1443|
|9     |MUXF7    |     3|
|10    |RAMB18E1 |     1|
|11    |FDCE     |    34|
|12    |FDRE     |  1143|
|13    |IBUF     |    12|
|14    |OBUF     |    27|
+------+---------+------+
---------------------------------------------------------------------------------
Finished Writing Synthesis Report : Time (s): cpu = 00:00:34 ; elapsed = 00:00:38 . Memory (MB): peak = 1745.148 ; gain = 776.094
---------------------------------------------------------------------------------
Synthesis finished with 0 errors, 0 critical warnings and 2 warnings.
Synthesis Optimization Runtime : Time (s): cpu = 00:00:28 ; elapsed = 00:00:36 . Memory (MB): peak = 1745.148 ; gain = 682.582
Synthesis Optimization Complete : Time (s): cpu = 00:00:34 ; elapsed = 00:00:38 . Memory (MB): peak = 1745.148 ; gain = 776.094
INFO: [Project 1-571] Translating synthesized netlist
Netlist sorting complete. Time (s): cpu = 00:00:00 ; elapsed = 00:00:00.022 . Memory (MB): peak = 1745.148 ; gain = 0.000
INFO: [Netlist 29-17] Analyzing 61 Unisim elements for replacement
INFO: [Netlist 29-28] Unisim Transformation completed in 0 CPU seconds
INFO: [Project 1-570] Preparing netlist for logic optimization
INFO: [Opt 31-138] Pushed 0 inverter(s) to 0 load pin(s).
Netlist sorting complete. Time (s): cpu = 00:00:00 ; elapsed = 00:00:00 . Memory (MB): peak = 1745.148 ; gain = 0.000
INFO: [Project 1-111] Unisim Transformation Summary:
No Unisim elements were transformed.

Synth Design complete | Checksum: 4efcf3c2
INFO: [Common 17-83] Releasing license: Synthesis
52 Infos, 22 Warnings, 0 Critical Warnings and 0 Errors encountered.
synth_design completed successfully
synth_design: Time (s): cpu = 00:00:39 ; elapsed = 00:00:55 . Memory (MB): peak = 1745.148 ; gain = 1174.719
Write ShapeDB Complete: Time (s): cpu = 00:00:00 ; elapsed = 00:00:00.002 . Memory (MB): peak = 1745.148 ; gain = 0.000
INFO: [Common 17-1381] The checkpoint 'C:/Users/User/Desktop/final/project_3/project_3.runs/synth_1/Display_system.dcp' has been generated.
INFO: [Vivado 12-24828] Executing command : report_utilization -file Display_system_utilization_synth.rpt -pb Display_system_utilization_synth.pb
INFO: [Common 17-206] Exiting Vivado at Tue Dec  3 13:16:53 2024...
